<?xml version="1.0" encoding="UTF-8"?>
<testng-results skipped="0" failed="0" total="1" passed="1">
  <reporter-output>
  </reporter-output>
  <suite name="Default suite" duration-ms="36" started-at="2017-07-30T19:10:44Z" finished-at="2017-07-30T19:10:44Z">
    <groups>
    </groups>
    <test name="Default test" duration-ms="36" started-at="2017-07-30T19:10:44Z" finished-at="2017-07-30T19:10:44Z">
      <class name="SonicWall_Regression.sample.NewTest">
        <test-method status="PASS" signature="f()[pri:0, instance:SonicWall_Regression.sample.NewTest@2c9f9fb0]" name="f" duration-ms="16" started-at="2017-07-30T15:10:44Z" finished-at="2017-07-30T15:10:44Z">
          <reporter-output>
          </reporter-output>
        </test-method> <!-- f -->
      </class> <!-- SonicWall_Regression.sample.NewTest -->
    </test> <!-- Default test -->
  </suite> <!-- Default suite -->
</testng-results>
